[1017 15:18:50 WARN ] [main--org.springframework.context.annotation.AnnotationConfigApplicationContext:489 ] - Exception encountered during context initialization - cancelling refresh attempt
org.springframework.beans.factory.BeanCreationException: Error creating bean with name 'basicRepository' defined in file [F:\v11-eclipse-workspace\vmojing\vmojing-mongodb\target\classes\com\vmojing\mongodb\repository\BasicRepository.class]: Instantiation of bean failed; nested exception is org.springframework.beans.BeanInstantiationException: Could not instantiate bean class [com.vmojing.mongodb.repository.BasicRepository]: No default constructor found; nested exception is java.lang.NoSuchMethodException: com.vmojing.mongodb.repository.BasicRepository.<init>()
	at org.springframework.beans.factory.support.AbstractAutowireCapableBeanFactory.instantiateBean(AbstractAutowireCapableBeanFactory.java:1077)
	at org.springframework.beans.factory.support.AbstractAutowireCapableBeanFactory.createBeanInstance(AbstractAutowireCapableBeanFactory.java:1022)
	at org.springframework.beans.factory.support.AbstractAutowireCapableBeanFactory.doCreateBean(AbstractAutowireCapableBeanFactory.java:504)
	at org.springframework.beans.factory.support.AbstractAutowireCapableBeanFactory.createBean(AbstractAutowireCapableBeanFactory.java:475)
	at org.springframework.beans.factory.support.AbstractBeanFactory$1.getObject(AbstractBeanFactory.java:302)
	at org.springframework.beans.factory.support.DefaultSingletonBeanRegistry.getSingleton(DefaultSingletonBeanRegistry.java:228)
	at org.springframework.beans.factory.support.AbstractBeanFactory.doGetBean(AbstractBeanFactory.java:298)
	at org.springframework.beans.factory.support.AbstractBeanFactory.getBean(AbstractBeanFactory.java:193)
	at org.springframework.beans.factory.support.DefaultListableBeanFactory.preInstantiateSingletons(DefaultListableBeanFactory.java:706)
	at org.springframework.context.support.AbstractApplicationContext.finishBeanFactoryInitialization(AbstractApplicationContext.java:762)
	at org.springframework.context.support.AbstractApplicationContext.refresh(AbstractApplicationContext.java:482)
	at com.vmojing.mongodb.Demo.main(Demo.java:16)
Caused by: org.springframework.beans.BeanInstantiationException: Could not instantiate bean class [com.vmojing.mongodb.repository.BasicRepository]: No default constructor found; nested exception is java.lang.NoSuchMethodException: com.vmojing.mongodb.repository.BasicRepository.<init>()
	at org.springframework.beans.factory.support.SimpleInstantiationStrategy.instantiate(SimpleInstantiationStrategy.java:85)
	at org.springframework.beans.factory.support.AbstractAutowireCapableBeanFactory.instantiateBean(AbstractAutowireCapableBeanFactory.java:1070)
	... 11 more
Caused by: java.lang.NoSuchMethodException: com.vmojing.mongodb.repository.BasicRepository.<init>()
	at java.lang.Class.getConstructor0(Unknown Source)
	at java.lang.Class.getDeclaredConstructor(Unknown Source)
	at org.springframework.beans.factory.support.SimpleInstantiationStrategy.instantiate(SimpleInstantiationStrategy.java:80)
	... 12 more
[1017 15:19:16 WARN ] [main--org.springframework.context.annotation.AnnotationConfigApplicationContext:489 ] - Exception encountered during context initialization - cancelling refresh attempt
org.springframework.beans.factory.BeanCreationException: Error creating bean with name 'basicRepository' defined in file [F:\v11-eclipse-workspace\vmojing\vmojing-mongodb\target\classes\com\vmojing\mongodb\repository\BasicRepository.class]: Instantiation of bean failed; nested exception is org.springframework.beans.BeanInstantiationException: Could not instantiate bean class [com.vmojing.mongodb.repository.BasicRepository]: No default constructor found; nested exception is java.lang.NoSuchMethodException: com.vmojing.mongodb.repository.BasicRepository.<init>()
	at org.springframework.beans.factory.support.AbstractAutowireCapableBeanFactory.instantiateBean(AbstractAutowireCapableBeanFactory.java:1077)
	at org.springframework.beans.factory.support.AbstractAutowireCapableBeanFactory.createBeanInstance(AbstractAutowireCapableBeanFactory.java:1022)
	at org.springframework.beans.factory.support.AbstractAutowireCapableBeanFactory.doCreateBean(AbstractAutowireCapableBeanFactory.java:504)
	at org.springframework.beans.factory.support.AbstractAutowireCapableBeanFactory.createBean(AbstractAutowireCapableBeanFactory.java:475)
	at org.springframework.beans.factory.support.AbstractBeanFactory$1.getObject(AbstractBeanFactory.java:302)
	at org.springframework.beans.factory.support.DefaultSingletonBeanRegistry.getSingleton(DefaultSingletonBeanRegistry.java:228)
	at org.springframework.beans.factory.support.AbstractBeanFactory.doGetBean(AbstractBeanFactory.java:298)
	at org.springframework.beans.factory.support.AbstractBeanFactory.getBean(AbstractBeanFactory.java:193)
	at org.springframework.beans.factory.support.DefaultListableBeanFactory.preInstantiateSingletons(DefaultListableBeanFactory.java:706)
	at org.springframework.context.support.AbstractApplicationContext.finishBeanFactoryInitialization(AbstractApplicationContext.java:762)
	at org.springframework.context.support.AbstractApplicationContext.refresh(AbstractApplicationContext.java:482)
	at com.vmojing.mongodb.Demo.main(Demo.java:16)
Caused by: org.springframework.beans.BeanInstantiationException: Could not instantiate bean class [com.vmojing.mongodb.repository.BasicRepository]: No default constructor found; nested exception is java.lang.NoSuchMethodException: com.vmojing.mongodb.repository.BasicRepository.<init>()
	at org.springframework.beans.factory.support.SimpleInstantiationStrategy.instantiate(SimpleInstantiationStrategy.java:85)
	at org.springframework.beans.factory.support.AbstractAutowireCapableBeanFactory.instantiateBean(AbstractAutowireCapableBeanFactory.java:1070)
	... 11 more
Caused by: java.lang.NoSuchMethodException: com.vmojing.mongodb.repository.BasicRepository.<init>()
	at java.lang.Class.getConstructor0(Unknown Source)
	at java.lang.Class.getDeclaredConstructor(Unknown Source)
	at org.springframework.beans.factory.support.SimpleInstantiationStrategy.instantiate(SimpleInstantiationStrategy.java:80)
	... 12 more
[1017 15:20:20 WARN ] [main--org.springframework.context.annotation.AnnotationConfigApplicationContext:489 ] - Exception encountered during context initialization - cancelling refresh attempt
org.springframework.beans.factory.BeanCreationException: Error creating bean with name 'basicRepository' defined in file [F:\v11-eclipse-workspace\vmojing\vmojing-mongodb\target\classes\com\vmojing\mongodb\repository\BasicRepository.class]: Instantiation of bean failed; nested exception is org.springframework.beans.BeanInstantiationException: Could not instantiate bean class [com.vmojing.mongodb.repository.BasicRepository]: No default constructor found; nested exception is java.lang.NoSuchMethodException: com.vmojing.mongodb.repository.BasicRepository.<init>()
	at org.springframework.beans.factory.support.AbstractAutowireCapableBeanFactory.instantiateBean(AbstractAutowireCapableBeanFactory.java:1077)
	at org.springframework.beans.factory.support.AbstractAutowireCapableBeanFactory.createBeanInstance(AbstractAutowireCapableBeanFactory.java:1022)
	at org.springframework.beans.factory.support.AbstractAutowireCapableBeanFactory.doCreateBean(AbstractAutowireCapableBeanFactory.java:504)
	at org.springframework.beans.factory.support.AbstractAutowireCapableBeanFactory.createBean(AbstractAutowireCapableBeanFactory.java:475)
	at org.springframework.beans.factory.support.AbstractBeanFactory$1.getObject(AbstractBeanFactory.java:302)
	at org.springframework.beans.factory.support.DefaultSingletonBeanRegistry.getSingleton(DefaultSingletonBeanRegistry.java:228)
	at org.springframework.beans.factory.support.AbstractBeanFactory.doGetBean(AbstractBeanFactory.java:298)
	at org.springframework.beans.factory.support.AbstractBeanFactory.getBean(AbstractBeanFactory.java:193)
	at org.springframework.beans.factory.support.DefaultListableBeanFactory.preInstantiateSingletons(DefaultListableBeanFactory.java:706)
	at org.springframework.context.support.AbstractApplicationContext.finishBeanFactoryInitialization(AbstractApplicationContext.java:762)
	at org.springframework.context.support.AbstractApplicationContext.refresh(AbstractApplicationContext.java:482)
	at com.vmojing.mongodb.Demo.main(Demo.java:16)
Caused by: org.springframework.beans.BeanInstantiationException: Could not instantiate bean class [com.vmojing.mongodb.repository.BasicRepository]: No default constructor found; nested exception is java.lang.NoSuchMethodException: com.vmojing.mongodb.repository.BasicRepository.<init>()
	at org.springframework.beans.factory.support.SimpleInstantiationStrategy.instantiate(SimpleInstantiationStrategy.java:85)
	at org.springframework.beans.factory.support.AbstractAutowireCapableBeanFactory.instantiateBean(AbstractAutowireCapableBeanFactory.java:1070)
	... 11 more
Caused by: java.lang.NoSuchMethodException: com.vmojing.mongodb.repository.BasicRepository.<init>()
	at java.lang.Class.getConstructor0(Unknown Source)
	at java.lang.Class.getDeclaredConstructor(Unknown Source)
	at org.springframework.beans.factory.support.SimpleInstantiationStrategy.instantiate(SimpleInstantiationStrategy.java:80)
	... 12 more
[1017 15:34:15 WARN ] [main--org.springframework.context.annotation.AnnotationConfigApplicationContext:489 ] - Exception encountered during context initialization - cancelling refresh attempt
org.springframework.beans.factory.BeanCreationException: Error creating bean with name 'basicRepository' defined in file [F:\v11-eclipse-workspace\vmojing\vmojing-mongodb\target\classes\com\vmojing\mongodb\repository\BasicRepository.class]: Instantiation of bean failed; nested exception is org.springframework.beans.BeanInstantiationException: Could not instantiate bean class [com.vmojing.mongodb.repository.BasicRepository]: No default constructor found; nested exception is java.lang.NoSuchMethodException: com.vmojing.mongodb.repository.BasicRepository.<init>()
	at org.springframework.beans.factory.support.AbstractAutowireCapableBeanFactory.instantiateBean(AbstractAutowireCapableBeanFactory.java:1077)
	at org.springframework.beans.factory.support.AbstractAutowireCapableBeanFactory.createBeanInstance(AbstractAutowireCapableBeanFactory.java:1022)
	at org.springframework.beans.factory.support.AbstractAutowireCapableBeanFactory.doCreateBean(AbstractAutowireCapableBeanFactory.java:504)
	at org.springframework.beans.factory.support.AbstractAutowireCapableBeanFactory.createBean(AbstractAutowireCapableBeanFactory.java:475)
	at org.springframework.beans.factory.support.AbstractBeanFactory$1.getObject(AbstractBeanFactory.java:302)
	at org.springframework.beans.factory.support.DefaultSingletonBeanRegistry.getSingleton(DefaultSingletonBeanRegistry.java:228)
	at org.springframework.beans.factory.support.AbstractBeanFactory.doGetBean(AbstractBeanFactory.java:298)
	at org.springframework.beans.factory.support.AbstractBeanFactory.getBean(AbstractBeanFactory.java:193)
	at org.springframework.beans.factory.support.DefaultListableBeanFactory.preInstantiateSingletons(DefaultListableBeanFactory.java:706)
	at org.springframework.context.support.AbstractApplicationContext.finishBeanFactoryInitialization(AbstractApplicationContext.java:762)
	at org.springframework.context.support.AbstractApplicationContext.refresh(AbstractApplicationContext.java:482)
	at com.vmojing.mongodb.Demo.main(Demo.java:16)
Caused by: org.springframework.beans.BeanInstantiationException: Could not instantiate bean class [com.vmojing.mongodb.repository.BasicRepository]: No default constructor found; nested exception is java.lang.NoSuchMethodException: com.vmojing.mongodb.repository.BasicRepository.<init>()
	at org.springframework.beans.factory.support.SimpleInstantiationStrategy.instantiate(SimpleInstantiationStrategy.java:85)
	at org.springframework.beans.factory.support.AbstractAutowireCapableBeanFactory.instantiateBean(AbstractAutowireCapableBeanFactory.java:1070)
	... 11 more
Caused by: java.lang.NoSuchMethodException: com.vmojing.mongodb.repository.BasicRepository.<init>()
	at java.lang.Class.getConstructor0(Unknown Source)
	at java.lang.Class.getDeclaredConstructor(Unknown Source)
	at org.springframework.beans.factory.support.SimpleInstantiationStrategy.instantiate(SimpleInstantiationStrategy.java:80)
	... 12 more
[1017 15:36:50 WARN ] [main--org.springframework.context.annotation.AnnotationConfigApplicationContext:489 ] - Exception encountered during context initialization - cancelling refresh attempt
org.springframework.beans.factory.BeanCreationException: Error creating bean with name 'basicRepository' defined in file [F:\v11-eclipse-workspace\vmojing\vmojing-mongodb\target\classes\com\vmojing\mongodb\repository\BasicRepository.class]: Instantiation of bean failed; nested exception is org.springframework.beans.BeanInstantiationException: Could not instantiate bean class [com.vmojing.mongodb.repository.BasicRepository]: No default constructor found; nested exception is java.lang.NoSuchMethodException: com.vmojing.mongodb.repository.BasicRepository.<init>()
	at org.springframework.beans.factory.support.AbstractAutowireCapableBeanFactory.instantiateBean(AbstractAutowireCapableBeanFactory.java:1077)
	at org.springframework.beans.factory.support.AbstractAutowireCapableBeanFactory.createBeanInstance(AbstractAutowireCapableBeanFactory.java:1022)
	at org.springframework.beans.factory.support.AbstractAutowireCapableBeanFactory.doCreateBean(AbstractAutowireCapableBeanFactory.java:504)
	at org.springframework.beans.factory.support.AbstractAutowireCapableBeanFactory.createBean(AbstractAutowireCapableBeanFactory.java:475)
	at org.springframework.beans.factory.support.AbstractBeanFactory$1.getObject(AbstractBeanFactory.java:302)
	at org.springframework.beans.factory.support.DefaultSingletonBeanRegistry.getSingleton(DefaultSingletonBeanRegistry.java:228)
	at org.springframework.beans.factory.support.AbstractBeanFactory.doGetBean(AbstractBeanFactory.java:298)
	at org.springframework.beans.factory.support.AbstractBeanFactory.getBean(AbstractBeanFactory.java:193)
	at org.springframework.beans.factory.support.DefaultListableBeanFactory.preInstantiateSingletons(DefaultListableBeanFactory.java:706)
	at org.springframework.context.support.AbstractApplicationContext.finishBeanFactoryInitialization(AbstractApplicationContext.java:762)
	at org.springframework.context.support.AbstractApplicationContext.refresh(AbstractApplicationContext.java:482)
	at com.vmojing.mongodb.Demo.main(Demo.java:16)
Caused by: org.springframework.beans.BeanInstantiationException: Could not instantiate bean class [com.vmojing.mongodb.repository.BasicRepository]: No default constructor found; nested exception is java.lang.NoSuchMethodException: com.vmojing.mongodb.repository.BasicRepository.<init>()
	at org.springframework.beans.factory.support.SimpleInstantiationStrategy.instantiate(SimpleInstantiationStrategy.java:85)
	at org.springframework.beans.factory.support.AbstractAutowireCapableBeanFactory.instantiateBean(AbstractAutowireCapableBeanFactory.java:1070)
	... 11 more
Caused by: java.lang.NoSuchMethodException: com.vmojing.mongodb.repository.BasicRepository.<init>()
	at java.lang.Class.getConstructor0(Unknown Source)
	at java.lang.Class.getDeclaredConstructor(Unknown Source)
	at org.springframework.beans.factory.support.SimpleInstantiationStrategy.instantiate(SimpleInstantiationStrategy.java:80)
	... 12 more
[1017 15:38:55 WARN ] [main--org.springframework.context.annotation.AnnotationConfigApplicationContext:489 ] - Exception encountered during context initialization - cancelling refresh attempt
org.springframework.beans.factory.BeanCreationException: Error creating bean with name 'basicRepository' defined in file [F:\v11-eclipse-workspace\vmojing\vmojing-mongodb\target\classes\com\vmojing\mongodb\repository\BasicRepository.class]: Instantiation of bean failed; nested exception is org.springframework.beans.BeanInstantiationException: Could not instantiate bean class [com.vmojing.mongodb.repository.BasicRepository]: No default constructor found; nested exception is java.lang.NoSuchMethodException: com.vmojing.mongodb.repository.BasicRepository.<init>()
	at org.springframework.beans.factory.support.AbstractAutowireCapableBeanFactory.instantiateBean(AbstractAutowireCapableBeanFactory.java:1077)
	at org.springframework.beans.factory.support.AbstractAutowireCapableBeanFactory.createBeanInstance(AbstractAutowireCapableBeanFactory.java:1022)
	at org.springframework.beans.factory.support.AbstractAutowireCapableBeanFactory.doCreateBean(AbstractAutowireCapableBeanFactory.java:504)
	at org.springframework.beans.factory.support.AbstractAutowireCapableBeanFactory.createBean(AbstractAutowireCapableBeanFactory.java:475)
	at org.springframework.beans.factory.support.AbstractBeanFactory$1.getObject(AbstractBeanFactory.java:302)
	at org.springframework.beans.factory.support.DefaultSingletonBeanRegistry.getSingleton(DefaultSingletonBeanRegistry.java:228)
	at org.springframework.beans.factory.support.AbstractBeanFactory.doGetBean(AbstractBeanFactory.java:298)
	at org.springframework.beans.factory.support.AbstractBeanFactory.getBean(AbstractBeanFactory.java:193)
	at org.springframework.beans.factory.support.DefaultListableBeanFactory.preInstantiateSingletons(DefaultListableBeanFactory.java:706)
	at org.springframework.context.support.AbstractApplicationContext.finishBeanFactoryInitialization(AbstractApplicationContext.java:762)
	at org.springframework.context.support.AbstractApplicationContext.refresh(AbstractApplicationContext.java:482)
	at com.vmojing.mongodb.Demo.main(Demo.java:16)
Caused by: org.springframework.beans.BeanInstantiationException: Could not instantiate bean class [com.vmojing.mongodb.repository.BasicRepository]: No default constructor found; nested exception is java.lang.NoSuchMethodException: com.vmojing.mongodb.repository.BasicRepository.<init>()
	at org.springframework.beans.factory.support.SimpleInstantiationStrategy.instantiate(SimpleInstantiationStrategy.java:85)
	at org.springframework.beans.factory.support.AbstractAutowireCapableBeanFactory.instantiateBean(AbstractAutowireCapableBeanFactory.java:1070)
	... 11 more
Caused by: java.lang.NoSuchMethodException: com.vmojing.mongodb.repository.BasicRepository.<init>()
	at java.lang.Class.getConstructor0(Unknown Source)
	at java.lang.Class.getDeclaredConstructor(Unknown Source)
	at org.springframework.beans.factory.support.SimpleInstantiationStrategy.instantiate(SimpleInstantiationStrategy.java:80)
	... 12 more
[1017 15:39:44 WARN ] [main--org.springframework.context.annotation.AnnotationConfigApplicationContext:489 ] - Exception encountered during context initialization - cancelling refresh attempt
org.springframework.beans.factory.BeanCreationException: Error creating bean with name 'basicRepository' defined in file [F:\v11-eclipse-workspace\vmojing\vmojing-mongodb\target\classes\com\vmojing\mongodb\repository\BasicRepository.class]: Instantiation of bean failed; nested exception is org.springframework.beans.BeanInstantiationException: Could not instantiate bean class [com.vmojing.mongodb.repository.BasicRepository]: No default constructor found; nested exception is java.lang.NoSuchMethodException: com.vmojing.mongodb.repository.BasicRepository.<init>()
	at org.springframework.beans.factory.support.AbstractAutowireCapableBeanFactory.instantiateBean(AbstractAutowireCapableBeanFactory.java:1077)
	at org.springframework.beans.factory.support.AbstractAutowireCapableBeanFactory.createBeanInstance(AbstractAutowireCapableBeanFactory.java:1022)
	at org.springframework.beans.factory.support.AbstractAutowireCapableBeanFactory.doCreateBean(AbstractAutowireCapableBeanFactory.java:504)
	at org.springframework.beans.factory.support.AbstractAutowireCapableBeanFactory.createBean(AbstractAutowireCapableBeanFactory.java:475)
	at org.springframework.beans.factory.support.AbstractBeanFactory$1.getObject(AbstractBeanFactory.java:302)
	at org.springframework.beans.factory.support.DefaultSingletonBeanRegistry.getSingleton(DefaultSingletonBeanRegistry.java:228)
	at org.springframework.beans.factory.support.AbstractBeanFactory.doGetBean(AbstractBeanFactory.java:298)
	at org.springframework.beans.factory.support.AbstractBeanFactory.getBean(AbstractBeanFactory.java:193)
	at org.springframework.beans.factory.support.DefaultListableBeanFactory.preInstantiateSingletons(DefaultListableBeanFactory.java:706)
	at org.springframework.context.support.AbstractApplicationContext.finishBeanFactoryInitialization(AbstractApplicationContext.java:762)
	at org.springframework.context.support.AbstractApplicationContext.refresh(AbstractApplicationContext.java:482)
	at com.vmojing.mongodb.Demo.main(Demo.java:16)
Caused by: org.springframework.beans.BeanInstantiationException: Could not instantiate bean class [com.vmojing.mongodb.repository.BasicRepository]: No default constructor found; nested exception is java.lang.NoSuchMethodException: com.vmojing.mongodb.repository.BasicRepository.<init>()
	at org.springframework.beans.factory.support.SimpleInstantiationStrategy.instantiate(SimpleInstantiationStrategy.java:85)
	at org.springframework.beans.factory.support.AbstractAutowireCapableBeanFactory.instantiateBean(AbstractAutowireCapableBeanFactory.java:1070)
	... 11 more
Caused by: java.lang.NoSuchMethodException: com.vmojing.mongodb.repository.BasicRepository.<init>()
	at java.lang.Class.getConstructor0(Unknown Source)
	at java.lang.Class.getDeclaredConstructor(Unknown Source)
	at org.springframework.beans.factory.support.SimpleInstantiationStrategy.instantiate(SimpleInstantiationStrategy.java:80)
	... 12 more
[1017 15:40:48 WARN ] [main--org.springframework.context.annotation.AnnotationConfigApplicationContext:489 ] - Exception encountered during context initialization - cancelling refresh attempt
org.springframework.beans.factory.BeanCreationException: Error creating bean with name 'basicRepository' defined in file [F:\v11-eclipse-workspace\vmojing\vmojing-mongodb\target\classes\com\vmojing\mongodb\repository\BasicRepository.class]: Instantiation of bean failed; nested exception is org.springframework.beans.BeanInstantiationException: Could not instantiate bean class [com.vmojing.mongodb.repository.BasicRepository]: No default constructor found; nested exception is java.lang.NoSuchMethodException: com.vmojing.mongodb.repository.BasicRepository.<init>()
	at org.springframework.beans.factory.support.AbstractAutowireCapableBeanFactory.instantiateBean(AbstractAutowireCapableBeanFactory.java:1077)
	at org.springframework.beans.factory.support.AbstractAutowireCapableBeanFactory.createBeanInstance(AbstractAutowireCapableBeanFactory.java:1022)
	at org.springframework.beans.factory.support.AbstractAutowireCapableBeanFactory.doCreateBean(AbstractAutowireCapableBeanFactory.java:504)
	at org.springframework.beans.factory.support.AbstractAutowireCapableBeanFactory.createBean(AbstractAutowireCapableBeanFactory.java:475)
	at org.springframework.beans.factory.support.AbstractBeanFactory$1.getObject(AbstractBeanFactory.java:302)
	at org.springframework.beans.factory.support.DefaultSingletonBeanRegistry.getSingleton(DefaultSingletonBeanRegistry.java:228)
	at org.springframework.beans.factory.support.AbstractBeanFactory.doGetBean(AbstractBeanFactory.java:298)
	at org.springframework.beans.factory.support.AbstractBeanFactory.getBean(AbstractBeanFactory.java:193)
	at org.springframework.beans.factory.support.DefaultListableBeanFactory.preInstantiateSingletons(DefaultListableBeanFactory.java:706)
	at org.springframework.context.support.AbstractApplicationContext.finishBeanFactoryInitialization(AbstractApplicationContext.java:762)
	at org.springframework.context.support.AbstractApplicationContext.refresh(AbstractApplicationContext.java:482)
	at com.vmojing.mongodb.Demo.main(Demo.java:16)
Caused by: org.springframework.beans.BeanInstantiationException: Could not instantiate bean class [com.vmojing.mongodb.repository.BasicRepository]: No default constructor found; nested exception is java.lang.NoSuchMethodException: com.vmojing.mongodb.repository.BasicRepository.<init>()
	at org.springframework.beans.factory.support.SimpleInstantiationStrategy.instantiate(SimpleInstantiationStrategy.java:85)
	at org.springframework.beans.factory.support.AbstractAutowireCapableBeanFactory.instantiateBean(AbstractAutowireCapableBeanFactory.java:1070)
	... 11 more
Caused by: java.lang.NoSuchMethodException: com.vmojing.mongodb.repository.BasicRepository.<init>()
	at java.lang.Class.getConstructor0(Unknown Source)
	at java.lang.Class.getDeclaredConstructor(Unknown Source)
	at org.springframework.beans.factory.support.SimpleInstantiationStrategy.instantiate(SimpleInstantiationStrategy.java:80)
	... 12 more
[1017 15:50:25 WARN ] [main--org.springframework.context.annotation.AnnotationConfigApplicationContext:489 ] - Exception encountered during context initialization - cancelling refresh attempt
org.springframework.beans.factory.BeanCreationException: Error creating bean with name 'basicRepository' defined in file [F:\v11-eclipse-workspace\vmojing\vmojing-mongodb\target\classes\com\vmojing\mongodb\repository\BasicRepository.class]: Instantiation of bean failed; nested exception is org.springframework.beans.BeanInstantiationException: Could not instantiate bean class [com.vmojing.mongodb.repository.BasicRepository]: No default constructor found; nested exception is java.lang.NoSuchMethodException: com.vmojing.mongodb.repository.BasicRepository.<init>()
	at org.springframework.beans.factory.support.AbstractAutowireCapableBeanFactory.instantiateBean(AbstractAutowireCapableBeanFactory.java:1077)
	at org.springframework.beans.factory.support.AbstractAutowireCapableBeanFactory.createBeanInstance(AbstractAutowireCapableBeanFactory.java:1022)
	at org.springframework.beans.factory.support.AbstractAutowireCapableBeanFactory.doCreateBean(AbstractAutowireCapableBeanFactory.java:504)
	at org.springframework.beans.factory.support.AbstractAutowireCapableBeanFactory.createBean(AbstractAutowireCapableBeanFactory.java:475)
	at org.springframework.beans.factory.support.AbstractBeanFactory$1.getObject(AbstractBeanFactory.java:302)
	at org.springframework.beans.factory.support.DefaultSingletonBeanRegistry.getSingleton(DefaultSingletonBeanRegistry.java:228)
	at org.springframework.beans.factory.support.AbstractBeanFactory.doGetBean(AbstractBeanFactory.java:298)
	at org.springframework.beans.factory.support.AbstractBeanFactory.getBean(AbstractBeanFactory.java:193)
	at org.springframework.beans.factory.support.DefaultListableBeanFactory.preInstantiateSingletons(DefaultListableBeanFactory.java:706)
	at org.springframework.context.support.AbstractApplicationContext.finishBeanFactoryInitialization(AbstractApplicationContext.java:762)
	at org.springframework.context.support.AbstractApplicationContext.refresh(AbstractApplicationContext.java:482)
	at com.vmojing.mongodb.Demo.main(Demo.java:16)
Caused by: org.springframework.beans.BeanInstantiationException: Could not instantiate bean class [com.vmojing.mongodb.repository.BasicRepository]: No default constructor found; nested exception is java.lang.NoSuchMethodException: com.vmojing.mongodb.repository.BasicRepository.<init>()
	at org.springframework.beans.factory.support.SimpleInstantiationStrategy.instantiate(SimpleInstantiationStrategy.java:85)
	at org.springframework.beans.factory.support.AbstractAutowireCapableBeanFactory.instantiateBean(AbstractAutowireCapableBeanFactory.java:1070)
	... 11 more
Caused by: java.lang.NoSuchMethodException: com.vmojing.mongodb.repository.BasicRepository.<init>()
	at java.lang.Class.getConstructor0(Unknown Source)
	at java.lang.Class.getDeclaredConstructor(Unknown Source)
	at org.springframework.beans.factory.support.SimpleInstantiationStrategy.instantiate(SimpleInstantiationStrategy.java:80)
	... 12 more
[1017 15:54:24 WARN ] [main--org.springframework.context.annotation.AnnotationConfigApplicationContext:489 ] - Exception encountered during context initialization - cancelling refresh attempt
org.springframework.beans.factory.BeanCreationException: Error creating bean with name 'topicRepository' defined in file [F:\v11-eclipse-workspace\vmojing\vmojing-mongodb\target\classes\com\vmojing\mongodb\repository\TopicRepository.class]: Instantiation of bean failed; nested exception is org.springframework.beans.BeanInstantiationException: Could not instantiate bean class [com.vmojing.mongodb.repository.TopicRepository]: No default constructor found; nested exception is java.lang.NoSuchMethodException: com.vmojing.mongodb.repository.TopicRepository.<init>()
	at org.springframework.beans.factory.support.AbstractAutowireCapableBeanFactory.instantiateBean(AbstractAutowireCapableBeanFactory.java:1077)
	at org.springframework.beans.factory.support.AbstractAutowireCapableBeanFactory.createBeanInstance(AbstractAutowireCapableBeanFactory.java:1022)
	at org.springframework.beans.factory.support.AbstractAutowireCapableBeanFactory.doCreateBean(AbstractAutowireCapableBeanFactory.java:504)
	at org.springframework.beans.factory.support.AbstractAutowireCapableBeanFactory.createBean(AbstractAutowireCapableBeanFactory.java:475)
	at org.springframework.beans.factory.support.AbstractBeanFactory$1.getObject(AbstractBeanFactory.java:302)
	at org.springframework.beans.factory.support.DefaultSingletonBeanRegistry.getSingleton(DefaultSingletonBeanRegistry.java:228)
	at org.springframework.beans.factory.support.AbstractBeanFactory.doGetBean(AbstractBeanFactory.java:298)
	at org.springframework.beans.factory.support.AbstractBeanFactory.getBean(AbstractBeanFactory.java:193)
	at org.springframework.beans.factory.support.DefaultListableBeanFactory.preInstantiateSingletons(DefaultListableBeanFactory.java:706)
	at org.springframework.context.support.AbstractApplicationContext.finishBeanFactoryInitialization(AbstractApplicationContext.java:762)
	at org.springframework.context.support.AbstractApplicationContext.refresh(AbstractApplicationContext.java:482)
	at com.vmojing.mongodb.Demo.main(Demo.java:16)
Caused by: org.springframework.beans.BeanInstantiationException: Could not instantiate bean class [com.vmojing.mongodb.repository.TopicRepository]: No default constructor found; nested exception is java.lang.NoSuchMethodException: com.vmojing.mongodb.repository.TopicRepository.<init>()
	at org.springframework.beans.factory.support.SimpleInstantiationStrategy.instantiate(SimpleInstantiationStrategy.java:85)
	at org.springframework.beans.factory.support.AbstractAutowireCapableBeanFactory.instantiateBean(AbstractAutowireCapableBeanFactory.java:1070)
	... 11 more
Caused by: java.lang.NoSuchMethodException: com.vmojing.mongodb.repository.TopicRepository.<init>()
	at java.lang.Class.getConstructor0(Unknown Source)
	at java.lang.Class.getDeclaredConstructor(Unknown Source)
	at org.springframework.beans.factory.support.SimpleInstantiationStrategy.instantiate(SimpleInstantiationStrategy.java:80)
	... 12 more
[1017 15:59:25 WARN ] [main--org.springframework.context.annotation.AnnotationConfigApplicationContext:489 ] - Exception encountered during context initialization - cancelling refresh attempt
org.springframework.beans.factory.BeanCreationException: Error creating bean with name 'basicRepository' defined in file [F:\v11-eclipse-workspace\vmojing\vmojing-mongodb\target\classes\com\vmojing\mongodb\repository\BasicRepository.class]: Instantiation of bean failed; nested exception is org.springframework.beans.BeanInstantiationException: Could not instantiate bean class [com.vmojing.mongodb.repository.BasicRepository]: No default constructor found; nested exception is java.lang.NoSuchMethodException: com.vmojing.mongodb.repository.BasicRepository.<init>()
	at org.springframework.beans.factory.support.AbstractAutowireCapableBeanFactory.instantiateBean(AbstractAutowireCapableBeanFactory.java:1077)
	at org.springframework.beans.factory.support.AbstractAutowireCapableBeanFactory.createBeanInstance(AbstractAutowireCapableBeanFactory.java:1022)
	at org.springframework.beans.factory.support.AbstractAutowireCapableBeanFactory.doCreateBean(AbstractAutowireCapableBeanFactory.java:504)
	at org.springframework.beans.factory.support.AbstractAutowireCapableBeanFactory.createBean(AbstractAutowireCapableBeanFactory.java:475)
	at org.springframework.beans.factory.support.AbstractBeanFactory$1.getObject(AbstractBeanFactory.java:302)
	at org.springframework.beans.factory.support.DefaultSingletonBeanRegistry.getSingleton(DefaultSingletonBeanRegistry.java:228)
	at org.springframework.beans.factory.support.AbstractBeanFactory.doGetBean(AbstractBeanFactory.java:298)
	at org.springframework.beans.factory.support.AbstractBeanFactory.getBean(AbstractBeanFactory.java:193)
	at org.springframework.beans.factory.support.DefaultListableBeanFactory.preInstantiateSingletons(DefaultListableBeanFactory.java:706)
	at org.springframework.context.support.AbstractApplicationContext.finishBeanFactoryInitialization(AbstractApplicationContext.java:762)
	at org.springframework.context.support.AbstractApplicationContext.refresh(AbstractApplicationContext.java:482)
	at com.vmojing.mongodb.Demo.main(Demo.java:16)
Caused by: org.springframework.beans.BeanInstantiationException: Could not instantiate bean class [com.vmojing.mongodb.repository.BasicRepository]: No default constructor found; nested exception is java.lang.NoSuchMethodException: com.vmojing.mongodb.repository.BasicRepository.<init>()
	at org.springframework.beans.factory.support.SimpleInstantiationStrategy.instantiate(SimpleInstantiationStrategy.java:85)
	at org.springframework.beans.factory.support.AbstractAutowireCapableBeanFactory.instantiateBean(AbstractAutowireCapableBeanFactory.java:1070)
	... 11 more
Caused by: java.lang.NoSuchMethodException: com.vmojing.mongodb.repository.BasicRepository.<init>()
	at java.lang.Class.getConstructor0(Unknown Source)
	at java.lang.Class.getDeclaredConstructor(Unknown Source)
	at org.springframework.beans.factory.support.SimpleInstantiationStrategy.instantiate(SimpleInstantiationStrategy.java:80)
	... 12 more
[1017 16:33:50 WARN ] [main--org.springframework.context.annotation.AnnotationConfigApplicationContext:489 ] - Exception encountered during context initialization - cancelling refresh attempt
org.springframework.beans.factory.BeanCreationException: Error creating bean with name 'basicRepository' defined in file [F:\v11-eclipse-workspace\vmojing\vmojing-mongodb\target\classes\com\vmojing\mongodb\repository\BasicRepository.class]: Instantiation of bean failed; nested exception is org.springframework.beans.BeanInstantiationException: Could not instantiate bean class [com.vmojing.mongodb.repository.BasicRepository]: No default constructor found; nested exception is java.lang.NoSuchMethodException: com.vmojing.mongodb.repository.BasicRepository.<init>()
	at org.springframework.beans.factory.support.AbstractAutowireCapableBeanFactory.instantiateBean(AbstractAutowireCapableBeanFactory.java:1077)
	at org.springframework.beans.factory.support.AbstractAutowireCapableBeanFactory.createBeanInstance(AbstractAutowireCapableBeanFactory.java:1022)
	at org.springframework.beans.factory.support.AbstractAutowireCapableBeanFactory.doCreateBean(AbstractAutowireCapableBeanFactory.java:504)
	at org.springframework.beans.factory.support.AbstractAutowireCapableBeanFactory.createBean(AbstractAutowireCapableBeanFactory.java:475)
	at org.springframework.beans.factory.support.AbstractBeanFactory$1.getObject(AbstractBeanFactory.java:302)
	at org.springframework.beans.factory.support.DefaultSingletonBeanRegistry.getSingleton(DefaultSingletonBeanRegistry.java:228)
	at org.springframework.beans.factory.support.AbstractBeanFactory.doGetBean(AbstractBeanFactory.java:298)
	at org.springframework.beans.factory.support.AbstractBeanFactory.getBean(AbstractBeanFactory.java:193)
	at org.springframework.beans.factory.support.DefaultListableBeanFactory.preInstantiateSingletons(DefaultListableBeanFactory.java:706)
	at org.springframework.context.support.AbstractApplicationContext.finishBeanFactoryInitialization(AbstractApplicationContext.java:762)
	at org.springframework.context.support.AbstractApplicationContext.refresh(AbstractApplicationContext.java:482)
	at org.springframework.context.annotation.AnnotationConfigApplicationContext.<init>(AnnotationConfigApplicationContext.java:84)
	at com.vmojing.mongodb.Demo.main(Demo.java:15)
Caused by: org.springframework.beans.BeanInstantiationException: Could not instantiate bean class [com.vmojing.mongodb.repository.BasicRepository]: No default constructor found; nested exception is java.lang.NoSuchMethodException: com.vmojing.mongodb.repository.BasicRepository.<init>()
	at org.springframework.beans.factory.support.SimpleInstantiationStrategy.instantiate(SimpleInstantiationStrategy.java:85)
	at org.springframework.beans.factory.support.AbstractAutowireCapableBeanFactory.instantiateBean(AbstractAutowireCapableBeanFactory.java:1070)
	... 12 more
Caused by: java.lang.NoSuchMethodException: com.vmojing.mongodb.repository.BasicRepository.<init>()
	at java.lang.Class.getConstructor0(Unknown Source)
	at java.lang.Class.getDeclaredConstructor(Unknown Source)
	at org.springframework.beans.factory.support.SimpleInstantiationStrategy.instantiate(SimpleInstantiationStrategy.java:80)
	... 13 more
[1017 17:05:10 WARN ] [main--org.springframework.context.annotation.AnnotationConfigApplicationContext:489 ] - Exception encountered during context initialization - cancelling refresh attempt
org.springframework.beans.factory.BeanCreationException: Error creating bean with name 'basicRepository' defined in file [F:\v11-eclipse-workspace\vmojing\vmojing-mongodb\target\classes\com\vmojing\mongodb\repository\BasicRepository.class]: Instantiation of bean failed; nested exception is org.springframework.beans.BeanInstantiationException: Could not instantiate bean class [com.vmojing.mongodb.repository.BasicRepository]: No default constructor found; nested exception is java.lang.NoSuchMethodException: com.vmojing.mongodb.repository.BasicRepository.<init>()
	at org.springframework.beans.factory.support.AbstractAutowireCapableBeanFactory.instantiateBean(AbstractAutowireCapableBeanFactory.java:1077)
	at org.springframework.beans.factory.support.AbstractAutowireCapableBeanFactory.createBeanInstance(AbstractAutowireCapableBeanFactory.java:1022)
	at org.springframework.beans.factory.support.AbstractAutowireCapableBeanFactory.doCreateBean(AbstractAutowireCapableBeanFactory.java:504)
	at org.springframework.beans.factory.support.AbstractAutowireCapableBeanFactory.createBean(AbstractAutowireCapableBeanFactory.java:475)
	at org.springframework.beans.factory.support.AbstractBeanFactory$1.getObject(AbstractBeanFactory.java:302)
	at org.springframework.beans.factory.support.DefaultSingletonBeanRegistry.getSingleton(DefaultSingletonBeanRegistry.java:228)
	at org.springframework.beans.factory.support.AbstractBeanFactory.doGetBean(AbstractBeanFactory.java:298)
	at org.springframework.beans.factory.support.AbstractBeanFactory.getBean(AbstractBeanFactory.java:193)
	at org.springframework.beans.factory.support.DefaultListableBeanFactory.preInstantiateSingletons(DefaultListableBeanFactory.java:706)
	at org.springframework.context.support.AbstractApplicationContext.finishBeanFactoryInitialization(AbstractApplicationContext.java:762)
	at org.springframework.context.support.AbstractApplicationContext.refresh(AbstractApplicationContext.java:482)
	at org.springframework.context.annotation.AnnotationConfigApplicationContext.<init>(AnnotationConfigApplicationContext.java:84)
	at com.vmojing.mongodb.Demo.main(Demo.java:17)
Caused by: org.springframework.beans.BeanInstantiationException: Could not instantiate bean class [com.vmojing.mongodb.repository.BasicRepository]: No default constructor found; nested exception is java.lang.NoSuchMethodException: com.vmojing.mongodb.repository.BasicRepository.<init>()
	at org.springframework.beans.factory.support.SimpleInstantiationStrategy.instantiate(SimpleInstantiationStrategy.java:85)
	at org.springframework.beans.factory.support.AbstractAutowireCapableBeanFactory.instantiateBean(AbstractAutowireCapableBeanFactory.java:1070)
	... 12 more
Caused by: java.lang.NoSuchMethodException: com.vmojing.mongodb.repository.BasicRepository.<init>()
	at java.lang.Class.getConstructor0(Unknown Source)
	at java.lang.Class.getDeclaredConstructor(Unknown Source)
	at org.springframework.beans.factory.support.SimpleInstantiationStrategy.instantiate(SimpleInstantiationStrategy.java:80)
	... 13 more
